<?xml version="1.0" encoding="UTF-8"?>
<testsuite xmlns:xsi="http://www.w3.org/2001/XMLSchema-instance" xsi:noNamespaceSchemaLocation="https://maven.apache.org/surefire/maven-surefire-plugin/xsd/surefire-test-report.xsd" name="com.mulesoft.training.HelloMavenTest" time="5.372" tests="1" errors="0" skipped="0" failures="1">
  <properties>
    <property name="sun.desktop" value="windows"/>
    <property name="awt.toolkit" value="sun.awt.windows.WToolkit"/>
    <property name="file.encoding.pkg" value="sun.io"/>
    <property name="java.specification.version" value="1.8"/>
    <property name="sun.cpu.isalist" value="amd64"/>
    <property name="sun.jnu.encoding" value="GBK"/>
    <property name="java.class.path" value="C:\Users\Phony\AnypointStudio\william\maven-project\target\test-classes;C:\Users\Phony\AnypointStudio\william\maven-project\target\classes;C:\Users\Phony\.m2\repository\com\mulesoft\muleesb\mule-core-ee\3.8.3\mule-core-ee-3.8.3.jar;C:\Users\Phony\.m2\repository\org\mule\mule-core\3.8.3\mule-core-3.8.3.jar;C:\Users\Phony\.m2\repository\org\mule\extensions\mule-extensions-api\1.0.0-alpha-1\mule-extensions-api-1.0.0-alpha-1.jar;C:\Users\Phony\.m2\repository\commons-beanutils\commons-beanutils\1.9.2\commons-beanutils-1.9.2.jar;C:\Users\Phony\.m2\repository\com\github\stephenc\eaio-uuid\uuid\3.4.0\uuid-3.4.0.jar;C:\Users\Phony\.m2\repository\com\github\stephenc\eaio-grabbag\grabbag\1.8.1\grabbag-1.8.1.jar;C:\Users\Phony\.m2\repository\commons-cli\commons-cli\1.2\commons-cli-1.2.jar;C:\Users\Phony\.m2\repository\commons-collections\commons-collections\3.2.2\commons-collections-3.2.2.jar;C:\Users\Phony\.m2\repository\commons-io\commons-io\2.4\commons-io-2.4.jar;C:\Users\Phony\.m2\repository\commons-lang\commons-lang\2.4\commons-lang-2.4.jar;C:\Users\Phony\.m2\repository\commons-pool\commons-pool\1.6\commons-pool-1.6.jar;C:\Users\Phony\.m2\repository\org\apache\geronimo\specs\geronimo-jta_1.1_spec\1.1.1\geronimo-jta_1.1_spec-1.1.1.jar;C:\Users\Phony\.m2\repository\org\apache\geronimo\specs\geronimo-j2ee-connector_1.5_spec\2.0.0\geronimo-j2ee-connector_1.5_spec-2.0.0.jar;C:\Users\Phony\.m2\repository\javax\inject\javax.inject\1\javax.inject-1.jar;C:\Users\Phony\.m2\repository\com\lmax\disruptor\3.3.0\disruptor-3.3.0.jar;C:\Users\Phony\.m2\repository\org\slf4j\slf4j-api\1.7.7\slf4j-api-1.7.7.jar;C:\Users\Phony\.m2\repository\org\apache\logging\log4j\log4j-api\2.5\log4j-api-2.5.jar;C:\Users\Phony\.m2\repository\org\apache\logging\log4j\log4j-core\2.5\log4j-core-2.5.jar;C:\Users\Phony\.m2\repository\org\apache\logging\log4j\log4j-slf4j-impl\2.5\log4j-slf4j-impl-2.5.jar;C:\Users\Phony\.m2\repository\org\apache\logging\log4j\log4j-1.2-api\2.5\log4j-1.2-api-2.5.jar;C:\Users\Phony\.m2\repository\org\apache\logging\log4j\log4j-jcl\2.5\log4j-jcl-2.5.jar;C:\Users\Phony\.m2\repository\commons-logging\commons-logging\1.2\commons-logging-1.2.jar;C:\Users\Phony\.m2\repository\org\slf4j\jcl-over-slf4j\1.7.7\jcl-over-slf4j-1.7.7.jar;C:\Users\Phony\.m2\repository\org\apache\logging\log4j\log4j-jul\2.5\log4j-jul-2.5.jar;C:\Users\Phony\.m2\repository\asm\asm\3.1\asm-3.1.jar;C:\Users\Phony\.m2\repository\asm\asm-commons\3.1\asm-commons-3.1.jar;C:\Users\Phony\.m2\repository\asm\asm-tree\3.1\asm-tree-3.1.jar;C:\Users\Phony\.m2\repository\org\mule\mvel\mule-mvel2\2.1.9-MULE-010\mule-mvel2-2.1.9-MULE-010.jar;C:\Users\Phony\.m2\repository\org\jgrapht\jgrapht-jdk1.5\0.7.3\jgrapht-jdk1.5-0.7.3.jar;C:\Users\Phony\.m2\repository\org\mule\common\mule-common\3.8.3\mule-common-3.8.3.jar;C:\Users\Phony\.m2\repository\org\apache\xmlbeans\xmlbeans\2.3.0\xmlbeans-2.3.0.jar;C:\Users\Phony\.m2\repository\javax\xml\stream\stax-api\1.0-2\stax-api-1.0-2.jar;C:\Users\Phony\.m2\repository\org\json\json\20140107\json-20140107.jar;C:\Users\Phony\.m2\repository\com\fasterxml\jackson\core\jackson-core\2.4.3\jackson-core-2.4.3.jar;C:\Users\Phony\.m2\repository\com\fasterxml\jackson\core\jackson-databind\2.4.3\jackson-databind-2.4.3.jar;C:\Users\Phony\.m2\repository\com\fasterxml\jackson\core\jackson-annotations\2.4.0\jackson-annotations-2.4.0.jar;C:\Users\Phony\.m2\repository\org\antlr\antlr-runtime\3.5\antlr-runtime-3.5.jar;C:\Users\Phony\.m2\repository\org\antlr\stringtemplate\3.2.1\stringtemplate-3.2.1.jar;C:\Users\Phony\.m2\repository\com\mulesoft\licm\licm\1.1.5\licm-1.1.5.jar;C:\Users\Phony\.m2\repository\de\schlichtherle\truelicense\1.29\truelicense-1.29.jar;C:\Users\Phony\.m2\repository\de\schlichtherle\truexml\1.29\truexml-1.29.jar;C:\Users\Phony\.m2\repository\opensymphony\propertyset\1.3\propertyset-1.3.jar;C:\Users\Phony\.m2\repository\opensymphony\oscore\2.2.4\oscore-2.2.4.jar;C:\Users\Phony\.m2\repository\org\aspectj\aspectjrt\1.8.5\aspectjrt-1.8.5.jar;C:\Users\Phony\.m2\repository\com\mulesoft\muleesb\modules\mule-module-spring-config-ee\3.8.3\mule-module-spring-config-ee-3.8.3.jar;C:\Users\Phony\.m2\repository\com\mulesoft\muleesb\modules\mule-module-multi-tx-ee\3.8.3\mule-module-multi-tx-ee-3.8.3.jar;C:\Users\Phony\.m2\repository\com\mulesoft\muleesb\modules\mule-module-xa-tx-ee\3.8.3\mule-module-xa-tx-ee-3.8.3.jar;C:\Users\Phony\.m2\repository\com\mulesoft\muleesb\modules\mule-module-cache-ee\3.8.3\mule-module-cache-ee-3.8.3.jar;C:\Users\Phony\.m2\repository\org\springframework\spring-context\4.1.9.RELEASE\spring-context-4.1.9.RELEASE.jar;C:\Users\Phony\.m2\repository\org\springframework\spring-core\4.1.9.RELEASE\spring-core-4.1.9.RELEASE.jar;C:\Users\Phony\.m2\repository\org\springframework\spring-expression\4.1.9.RELEASE\spring-expression-4.1.9.RELEASE.jar;C:\Users\Phony\.m2\repository\org\mule\transports\mule-transport-file\3.8.3\mule-transport-file-3.8.3.jar;C:\Users\Phony\.m2\repository\org\mule\transports\mule-transport-http\3.8.3\mule-transport-http-3.8.3.jar;C:\Users\Phony\.m2\repository\org\mule\transports\mule-transport-ssl\3.8.3\mule-transport-ssl-3.8.3.jar;C:\Users\Phony\.m2\repository\commons-codec\commons-codec\1.9\commons-codec-1.9.jar;C:\Users\Phony\.m2\repository\commons-httpclient\commons-httpclient\3.1\commons-httpclient-3.1.jar;C:\Users\Phony\.m2\repository\org\apache\tomcat\coyote\6.0.45\coyote-6.0.45.jar;C:\Users\Phony\.m2\repository\org\apache\tomcat\juli\6.0.45\juli-6.0.45.jar;C:\Users\Phony\.m2\repository\org\samba\jcifs\jcifs\1.3.3\jcifs-1.3.3.jar;C:\Users\Phony\.m2\repository\joda-time\joda-time\2.9.1\joda-time-2.9.1.jar;C:\Users\Phony\.m2\repository\com\mulesoft\muleesb\transports\mule-transport-jdbc-ee\3.8.3\mule-transport-jdbc-ee-3.8.3.jar;C:\Users\Phony\.m2\repository\org\mule\transports\mule-transport-jdbc\3.8.3\mule-transport-jdbc-3.8.3.jar;C:\Users\Phony\.m2\repository\com\experlog\xapool\1.5.0\xapool-1.5.0.jar;C:\Users\Phony\.m2\repository\net\sf\flatpack\flatpack\3.1.1\flatpack-3.1.1.jar;C:\Users\Phony\.m2\repository\org\jdom\jdom\1.1.3\jdom-1.1.3.jar;C:\Users\Phony\.m2\repository\dom4j\dom4j\1.6.1\dom4j-1.6.1.jar;C:\Users\Phony\.m2\repository\com\mulesoft\muleesb\transports\mule-transport-jms-ee\3.8.3\mule-transport-jms-ee-3.8.3.jar;C:\Users\Phony\.m2\repository\org\mule\transports\mule-transport-jms\3.8.3\mule-transport-jms-3.8.3.jar;C:\Users\Phony\.m2\repository\org\apache\geronimo\specs\geronimo-jms_1.1_spec\1.1.1\geronimo-jms_1.1_spec-1.1.1.jar;C:\Users\Phony\.m2\repository\org\springframework\spring-jms\4.1.9.RELEASE\spring-jms-4.1.9.RELEASE.jar;C:\Users\Phony\.m2\repository\org\springframework\spring-messaging\4.1.9.RELEASE\spring-messaging-4.1.9.RELEASE.jar;C:\Users\Phony\.m2\repository\org\springframework\spring-tx\4.1.9.RELEASE\spring-tx-4.1.9.RELEASE.jar;C:\Users\Phony\.m2\repository\org\mule\transports\mule-transport-vm\3.8.3\mule-transport-vm-3.8.3.jar;C:\Users\Phony\.m2\repository\org\mule\modules\mule-module-scripting\3.8.3\mule-module-scripting-3.8.3.jar;C:\Users\Phony\.m2\repository\org\springframework\spring-aop\4.1.9.RELEASE\spring-aop-4.1.9.RELEASE.jar;C:\Users\Phony\.m2\repository\aopalliance\aopalliance\1.0\aopalliance-1.0.jar;C:\Users\Phony\.m2\repository\org\mule\modules\mule-module-builders\3.8.3\mule-module-builders-3.8.3.jar;C:\Users\Phony\.m2\repository\org\springframework\spring-web\4.1.9.RELEASE\spring-web-4.1.9.RELEASE.jar;C:\Users\Phony\.m2\repository\org\codehaus\groovy\groovy-all\2.4.4\groovy-all-2.4.4-indy.jar;C:\Users\Phony\.m2\repository\org\python\jython-standalone\2.7.0\jython-standalone-2.7.0.jar;C:\Users\Phony\.m2\repository\javax\script\js-engine\1.1\js-engine-1.1-jdk14.jar;C:\Users\Phony\.m2\repository\org\mozilla\rhino\1.7R4\rhino-1.7R4.jar;C:\Users\Phony\.m2\repository\org\mule\modules\mule-module-scripting-jruby\3.8.3\mule-module-scripting-jruby-3.8.3.jar;C:\Users\Phony\.m2\repository\org\jruby\jruby-core\1.7.24\jruby-core-1.7.24.jar;C:\Users\Phony\.m2\repository\org\ow2\asm\asm-commons\5.0.3\asm-commons-5.0.3.jar;C:\Users\Phony\.m2\repository\org\ow2\asm\asm-tree\5.0.3\asm-tree-5.0.3.jar;C:\Users\Phony\.m2\repository\org\ow2\asm\asm-analysis\5.0.3\asm-analysis-5.0.3.jar;C:\Users\Phony\.m2\repository\org\ow2\asm\asm-util\5.0.3\asm-util-5.0.3.jar;C:\Users\Phony\.m2\repository\org\jruby\jruby-stdlib\1.7.24\jruby-stdlib-1.7.24.jar;C:\Users\Phony\.m2\repository\org\jruby\joni\joni\2.1.9\joni-2.1.9.jar;C:\Users\Phony\.m2\repository\com\github\jnr\jnr-netdb\1.1.2\jnr-netdb-1.1.2.jar;C:\Users\Phony\.m2\repository\com\github\jnr\jnr-enxio\0.9\jnr-enxio-0.9.jar;C:\Users\Phony\.m2\repository\com\github\jnr\jnr-x86asm\1.0.2\jnr-x86asm-1.0.2.jar;C:\Users\Phony\.m2\repository\com\github\jnr\jnr-unixsocket\0.8\jnr-unixsocket-0.8.jar;C:\Users\Phony\.m2\repository\com\github\jnr\jnr-posix\3.0.27\jnr-posix-3.0.27.jar;C:\Users\Phony\.m2\repository\org\jruby\extras\bytelist\1.0.11\bytelist-1.0.11.jar;C:\Users\Phony\.m2\repository\com\github\jnr\jnr-constants\0.9.0\jnr-constants-0.9.0.jar;C:\Users\Phony\.m2\repository\org\jruby\jcodings\jcodings\1.0.16\jcodings-1.0.16.jar;C:\Users\Phony\.m2\repository\com\github\jnr\jnr-ffi\2.0.5\jnr-ffi-2.0.5.jar;C:\Users\Phony\.m2\repository\com\github\jnr\jffi\1.2.10\jffi-1.2.10.jar;C:\Users\Phony\.m2\repository\com\github\jnr\jffi\1.2.10\jffi-1.2.10-native.jar;C:\Users\Phony\.m2\repository\org\yaml\snakeyaml\1.15\snakeyaml-1.15.jar;C:\Users\Phony\.m2\repository\com\jcraft\jzlib\1.1.3\jzlib-1.1.3.jar;C:\Users\Phony\.m2\repository\com\headius\invokebinder\1.2\invokebinder-1.2.jar;C:\Users\Phony\.m2\repository\com\headius\options\1.3\options-1.3.jar;C:\Users\Phony\.m2\repository\com\martiansoftware\nailgun-server\0.9.1\nailgun-server-0.9.1.jar;C:\Users\Phony\.m2\repository\org\jruby\yecht\1.1\yecht-1.1-jruby.jar;C:\Users\Phony\.m2\repository\org\mule\modules\mule-module-xml\3.8.3\mule-module-xml-3.8.3.jar;C:\Users\Phony\.m2\repository\commons-jxpath\commons-jxpath\1.3\commons-jxpath-1.3.jar;C:\Users\Phony\.m2\repository\com\thoughtworks\xstream\xstream\1.4.9\xstream-1.4.9.jar;C:\Users\Phony\.m2\repository\xmlpull\xmlpull\1.1.3.1\xmlpull-1.1.3.1.jar;C:\Users\Phony\.m2\repository\xpp3\xpp3_min\1.1.3.4.O\xpp3_min-1.1.3.4.O.jar;C:\Users\Phony\.m2\repository\org\codehaus\woodstox\woodstox-core-asl\4.4.1\woodstox-core-asl-4.4.1.jar;C:\Users\Phony\.m2\repository\org\codehaus\woodstox\stax2-api\3.1.4\stax2-api-3.1.4.jar;C:\Users\Phony\.m2\repository\jaxen\jaxen\1.1.1\jaxen-1.1.1.jar;C:\Users\Phony\.m2\repository\jdom\jdom\1.0\jdom-1.0.jar;C:\Users\Phony\.m2\repository\net\java\dev\stax-utils\stax-utils\20080702\stax-utils-20080702.jar;C:\Users\Phony\.m2\repository\net\sf\saxon\Saxon-HE\9.6.0-7\Saxon-HE-9.6.0-7.jar;C:\Users\Phony\.m2\repository\net\sf\saxon\Saxon-HE\9.6.0-7\Saxon-HE-9.6.0-7-xqj.jar;C:\Users\Phony\.m2\repository\javax\xml\xquery\xqj-api\1.0\xqj-api-1.0.jar;C:\Users\Phony\.m2\repository\org\mule\tests\mule-tests-functional\3.8.3\mule-tests-functional-3.8.3.jar;C:\Users\Phony\.m2\repository\org\mule\modules\mule-module-extensions-support\3.8.3\mule-module-extensions-support-3.8.3.jar;C:\Users\Phony\.m2\repository\org\mule\extensions\mule-extensions-annotations\1.0.0-alpha-1\mule-extensions-annotations-1.0.0-alpha-1.jar;C:\Users\Phony\.m2\repository\org\springframework\spring-beans\4.1.9.RELEASE\spring-beans-4.1.9.RELEASE.jar;C:\Users\Phony\.m2\repository\junit\junit\4.11\junit-4.11.jar;C:\Users\Phony\.m2\repository\org\hamcrest\hamcrest-library\1.3\hamcrest-library-1.3.jar;C:\Users\Phony\.m2\repository\org\hamcrest\hamcrest-core\1.3\hamcrest-core-1.3.jar;C:\Users\Phony\.m2\repository\commons-net\commons-net\2.2\commons-net-2.2.jar;C:\Users\Phony\.m2\repository\org\apache\ftpserver\ftpserver-core\1.0.6\ftpserver-core-1.0.6.jar;C:\Users\Phony\.m2\repository\org\apache\mina\mina-core\2.0.4\mina-core-2.0.4.jar;C:\Users\Phony\.m2\repository\org\apache\ftpserver\ftplet-api\1.0.6\ftplet-api-1.0.6.jar;C:\Users\Phony\.m2\repository\org\apache\sshd\sshd-core\1.0.0\sshd-core-1.0.0.jar;C:\Users\Phony\.m2\repository\org\bouncycastle\bcprov-jdk15on\1.54\bcprov-jdk15on-1.54.jar;C:\Users\Phony\.m2\repository\commons-dbutils\commons-dbutils\1.2\commons-dbutils-1.2.jar;C:\Users\Phony\.m2\repository\org\reflections\reflections\0.9.9\reflections-0.9.9.jar;C:\Users\Phony\.m2\repository\org\mule\mule-core\3.8.3\mule-core-3.8.3-tests.jar;C:\Users\Phony\.m2\repository\org\mockito\mockito-core\1.9.5\mockito-core-1.9.5.jar;C:\Users\Phony\.m2\repository\org\objenesis\objenesis\1.0\objenesis-1.0.jar;C:\Users\Phony\.m2\repository\org\mule\modules\mule-module-http\3.8.3\mule-module-http-3.8.3.jar;C:\Users\Phony\.m2\repository\org\mule\transports\mule-transport-tcp\3.8.3\mule-transport-tcp-3.8.3.jar;C:\Users\Phony\.m2\repository\org\apache\geronimo\specs\geronimo-servlet_3.0_spec\1.0\geronimo-servlet_3.0_spec-1.0.jar;C:\Users\Phony\.m2\repository\org\glassfish\grizzly\grizzly-framework\2.3.26\grizzly-framework-2.3.26.jar;C:\Users\Phony\.m2\repository\org\glassfish\grizzly\grizzly-http-server\2.3.26\grizzly-http-server-2.3.26.jar;C:\Users\Phony\.m2\repository\org\glassfish\grizzly\grizzly-http\2.3.26\grizzly-http-2.3.26.jar;C:\Users\Phony\.m2\repository\org\glassfish\grizzly\connection-pool\2.3.26\connection-pool-2.3.26.jar;C:\Users\Phony\.m2\repository\javax\mail\mail\1.4.3\mail-1.4.3.jar;C:\Users\Phony\.m2\repository\com\ning\async-http-client\1.9.39\async-http-client-1.9.39.jar;C:\Users\Phony\.m2\repository\org\glassfish\grizzly\grizzly-websockets\2.3.26\grizzly-websockets-2.3.26.jar;C:\Users\Phony\.m2\repository\com\google\guava\guava\18.0\guava-18.0.jar;C:\Users\Phony\.m2\repository\org\mule\modules\mule-module-spring-config\3.8.3\mule-module-spring-config-3.8.3.jar;C:\Users\Phony\.m2\repository\org\mule\modules\mule-module-annotations\3.8.3\mule-module-annotations-3.8.3.jar;C:\Users\Phony\.m2\repository\cglib\cglib-nodep\2.2\cglib-nodep-2.2.jar;C:\Users\Phony\.m2\repository\cglib\cglib\3.2.2\cglib-3.2.2.jar;C:\Users\Phony\.m2\repository\org\ow2\asm\asm\5.0.4\asm-5.0.4.jar;C:\Users\Phony\.m2\repository\org\apache\ant\ant\1.9.6\ant-1.9.6.jar;C:\Users\Phony\.m2\repository\org\apache\ant\ant-launcher\1.9.6\ant-launcher-1.9.6.jar;"/>
    <property name="java.vm.vendor" value="Oracle Corporation"/>
    <property name="sun.arch.data.model" value="64"/>
    <property name="user.variant" value=""/>
    <property name="java.vendor.url" value="http://java.oracle.com/"/>
    <property name="user.timezone" value=""/>
    <property name="java.vm.specification.version" value="1.8"/>
    <property name="os.name" value="Windows 10"/>
    <property name="user.country" value="CN"/>
    <property name="sun.java.launcher" value="SUN_STANDARD"/>
    <property name="sun.boot.library.path" value="C:\Program Files\Java\jdk1.8.0_121\jre\bin"/>
    <property name="sun.java.command" value="C:\Users\Phony\AppData\Local\Temp\surefire8891232282700075118\surefirebooter5976089574650392960.jar C:\Users\Phony\AppData\Local\Temp\surefire8891232282700075118 2017-11-06T09-35-42_094-jvmRun1 surefire8116725920526845803tmp surefire_03452712495267308337tmp"/>
    <property name="surefire.test.class.path" value="C:\Users\Phony\AnypointStudio\william\maven-project\target\test-classes;C:\Users\Phony\AnypointStudio\william\maven-project\target\classes;C:\Users\Phony\.m2\repository\com\mulesoft\muleesb\mule-core-ee\3.8.3\mule-core-ee-3.8.3.jar;C:\Users\Phony\.m2\repository\org\mule\mule-core\3.8.3\mule-core-3.8.3.jar;C:\Users\Phony\.m2\repository\org\mule\extensions\mule-extensions-api\1.0.0-alpha-1\mule-extensions-api-1.0.0-alpha-1.jar;C:\Users\Phony\.m2\repository\commons-beanutils\commons-beanutils\1.9.2\commons-beanutils-1.9.2.jar;C:\Users\Phony\.m2\repository\com\github\stephenc\eaio-uuid\uuid\3.4.0\uuid-3.4.0.jar;C:\Users\Phony\.m2\repository\com\github\stephenc\eaio-grabbag\grabbag\1.8.1\grabbag-1.8.1.jar;C:\Users\Phony\.m2\repository\commons-cli\commons-cli\1.2\commons-cli-1.2.jar;C:\Users\Phony\.m2\repository\commons-collections\commons-collections\3.2.2\commons-collections-3.2.2.jar;C:\Users\Phony\.m2\repository\commons-io\commons-io\2.4\commons-io-2.4.jar;C:\Users\Phony\.m2\repository\commons-lang\commons-lang\2.4\commons-lang-2.4.jar;C:\Users\Phony\.m2\repository\commons-pool\commons-pool\1.6\commons-pool-1.6.jar;C:\Users\Phony\.m2\repository\org\apache\geronimo\specs\geronimo-jta_1.1_spec\1.1.1\geronimo-jta_1.1_spec-1.1.1.jar;C:\Users\Phony\.m2\repository\org\apache\geronimo\specs\geronimo-j2ee-connector_1.5_spec\2.0.0\geronimo-j2ee-connector_1.5_spec-2.0.0.jar;C:\Users\Phony\.m2\repository\javax\inject\javax.inject\1\javax.inject-1.jar;C:\Users\Phony\.m2\repository\com\lmax\disruptor\3.3.0\disruptor-3.3.0.jar;C:\Users\Phony\.m2\repository\org\slf4j\slf4j-api\1.7.7\slf4j-api-1.7.7.jar;C:\Users\Phony\.m2\repository\org\apache\logging\log4j\log4j-api\2.5\log4j-api-2.5.jar;C:\Users\Phony\.m2\repository\org\apache\logging\log4j\log4j-core\2.5\log4j-core-2.5.jar;C:\Users\Phony\.m2\repository\org\apache\logging\log4j\log4j-slf4j-impl\2.5\log4j-slf4j-impl-2.5.jar;C:\Users\Phony\.m2\repository\org\apache\logging\log4j\log4j-1.2-api\2.5\log4j-1.2-api-2.5.jar;C:\Users\Phony\.m2\repository\org\apache\logging\log4j\log4j-jcl\2.5\log4j-jcl-2.5.jar;C:\Users\Phony\.m2\repository\commons-logging\commons-logging\1.2\commons-logging-1.2.jar;C:\Users\Phony\.m2\repository\org\slf4j\jcl-over-slf4j\1.7.7\jcl-over-slf4j-1.7.7.jar;C:\Users\Phony\.m2\repository\org\apache\logging\log4j\log4j-jul\2.5\log4j-jul-2.5.jar;C:\Users\Phony\.m2\repository\asm\asm\3.1\asm-3.1.jar;C:\Users\Phony\.m2\repository\asm\asm-commons\3.1\asm-commons-3.1.jar;C:\Users\Phony\.m2\repository\asm\asm-tree\3.1\asm-tree-3.1.jar;C:\Users\Phony\.m2\repository\org\mule\mvel\mule-mvel2\2.1.9-MULE-010\mule-mvel2-2.1.9-MULE-010.jar;C:\Users\Phony\.m2\repository\org\jgrapht\jgrapht-jdk1.5\0.7.3\jgrapht-jdk1.5-0.7.3.jar;C:\Users\Phony\.m2\repository\org\mule\common\mule-common\3.8.3\mule-common-3.8.3.jar;C:\Users\Phony\.m2\repository\org\apache\xmlbeans\xmlbeans\2.3.0\xmlbeans-2.3.0.jar;C:\Users\Phony\.m2\repository\javax\xml\stream\stax-api\1.0-2\stax-api-1.0-2.jar;C:\Users\Phony\.m2\repository\org\json\json\20140107\json-20140107.jar;C:\Users\Phony\.m2\repository\com\fasterxml\jackson\core\jackson-core\2.4.3\jackson-core-2.4.3.jar;C:\Users\Phony\.m2\repository\com\fasterxml\jackson\core\jackson-databind\2.4.3\jackson-databind-2.4.3.jar;C:\Users\Phony\.m2\repository\com\fasterxml\jackson\core\jackson-annotations\2.4.0\jackson-annotations-2.4.0.jar;C:\Users\Phony\.m2\repository\org\antlr\antlr-runtime\3.5\antlr-runtime-3.5.jar;C:\Users\Phony\.m2\repository\org\antlr\stringtemplate\3.2.1\stringtemplate-3.2.1.jar;C:\Users\Phony\.m2\repository\com\mulesoft\licm\licm\1.1.5\licm-1.1.5.jar;C:\Users\Phony\.m2\repository\de\schlichtherle\truelicense\1.29\truelicense-1.29.jar;C:\Users\Phony\.m2\repository\de\schlichtherle\truexml\1.29\truexml-1.29.jar;C:\Users\Phony\.m2\repository\opensymphony\propertyset\1.3\propertyset-1.3.jar;C:\Users\Phony\.m2\repository\opensymphony\oscore\2.2.4\oscore-2.2.4.jar;C:\Users\Phony\.m2\repository\org\aspectj\aspectjrt\1.8.5\aspectjrt-1.8.5.jar;C:\Users\Phony\.m2\repository\com\mulesoft\muleesb\modules\mule-module-spring-config-ee\3.8.3\mule-module-spring-config-ee-3.8.3.jar;C:\Users\Phony\.m2\repository\com\mulesoft\muleesb\modules\mule-module-multi-tx-ee\3.8.3\mule-module-multi-tx-ee-3.8.3.jar;C:\Users\Phony\.m2\repository\com\mulesoft\muleesb\modules\mule-module-xa-tx-ee\3.8.3\mule-module-xa-tx-ee-3.8.3.jar;C:\Users\Phony\.m2\repository\com\mulesoft\muleesb\modules\mule-module-cache-ee\3.8.3\mule-module-cache-ee-3.8.3.jar;C:\Users\Phony\.m2\repository\org\springframework\spring-context\4.1.9.RELEASE\spring-context-4.1.9.RELEASE.jar;C:\Users\Phony\.m2\repository\org\springframework\spring-core\4.1.9.RELEASE\spring-core-4.1.9.RELEASE.jar;C:\Users\Phony\.m2\repository\org\springframework\spring-expression\4.1.9.RELEASE\spring-expression-4.1.9.RELEASE.jar;C:\Users\Phony\.m2\repository\org\mule\transports\mule-transport-file\3.8.3\mule-transport-file-3.8.3.jar;C:\Users\Phony\.m2\repository\org\mule\transports\mule-transport-http\3.8.3\mule-transport-http-3.8.3.jar;C:\Users\Phony\.m2\repository\org\mule\transports\mule-transport-ssl\3.8.3\mule-transport-ssl-3.8.3.jar;C:\Users\Phony\.m2\repository\commons-codec\commons-codec\1.9\commons-codec-1.9.jar;C:\Users\Phony\.m2\repository\commons-httpclient\commons-httpclient\3.1\commons-httpclient-3.1.jar;C:\Users\Phony\.m2\repository\org\apache\tomcat\coyote\6.0.45\coyote-6.0.45.jar;C:\Users\Phony\.m2\repository\org\apache\tomcat\juli\6.0.45\juli-6.0.45.jar;C:\Users\Phony\.m2\repository\org\samba\jcifs\jcifs\1.3.3\jcifs-1.3.3.jar;C:\Users\Phony\.m2\repository\joda-time\joda-time\2.9.1\joda-time-2.9.1.jar;C:\Users\Phony\.m2\repository\com\mulesoft\muleesb\transports\mule-transport-jdbc-ee\3.8.3\mule-transport-jdbc-ee-3.8.3.jar;C:\Users\Phony\.m2\repository\org\mule\transports\mule-transport-jdbc\3.8.3\mule-transport-jdbc-3.8.3.jar;C:\Users\Phony\.m2\repository\com\experlog\xapool\1.5.0\xapool-1.5.0.jar;C:\Users\Phony\.m2\repository\net\sf\flatpack\flatpack\3.1.1\flatpack-3.1.1.jar;C:\Users\Phony\.m2\repository\org\jdom\jdom\1.1.3\jdom-1.1.3.jar;C:\Users\Phony\.m2\repository\dom4j\dom4j\1.6.1\dom4j-1.6.1.jar;C:\Users\Phony\.m2\repository\com\mulesoft\muleesb\transports\mule-transport-jms-ee\3.8.3\mule-transport-jms-ee-3.8.3.jar;C:\Users\Phony\.m2\repository\org\mule\transports\mule-transport-jms\3.8.3\mule-transport-jms-3.8.3.jar;C:\Users\Phony\.m2\repository\org\apache\geronimo\specs\geronimo-jms_1.1_spec\1.1.1\geronimo-jms_1.1_spec-1.1.1.jar;C:\Users\Phony\.m2\repository\org\springframework\spring-jms\4.1.9.RELEASE\spring-jms-4.1.9.RELEASE.jar;C:\Users\Phony\.m2\repository\org\springframework\spring-messaging\4.1.9.RELEASE\spring-messaging-4.1.9.RELEASE.jar;C:\Users\Phony\.m2\repository\org\springframework\spring-tx\4.1.9.RELEASE\spring-tx-4.1.9.RELEASE.jar;C:\Users\Phony\.m2\repository\org\mule\transports\mule-transport-vm\3.8.3\mule-transport-vm-3.8.3.jar;C:\Users\Phony\.m2\repository\org\mule\modules\mule-module-scripting\3.8.3\mule-module-scripting-3.8.3.jar;C:\Users\Phony\.m2\repository\org\springframework\spring-aop\4.1.9.RELEASE\spring-aop-4.1.9.RELEASE.jar;C:\Users\Phony\.m2\repository\aopalliance\aopalliance\1.0\aopalliance-1.0.jar;C:\Users\Phony\.m2\repository\org\mule\modules\mule-module-builders\3.8.3\mule-module-builders-3.8.3.jar;C:\Users\Phony\.m2\repository\org\springframework\spring-web\4.1.9.RELEASE\spring-web-4.1.9.RELEASE.jar;C:\Users\Phony\.m2\repository\org\codehaus\groovy\groovy-all\2.4.4\groovy-all-2.4.4-indy.jar;C:\Users\Phony\.m2\repository\org\python\jython-standalone\2.7.0\jython-standalone-2.7.0.jar;C:\Users\Phony\.m2\repository\javax\script\js-engine\1.1\js-engine-1.1-jdk14.jar;C:\Users\Phony\.m2\repository\org\mozilla\rhino\1.7R4\rhino-1.7R4.jar;C:\Users\Phony\.m2\repository\org\mule\modules\mule-module-scripting-jruby\3.8.3\mule-module-scripting-jruby-3.8.3.jar;C:\Users\Phony\.m2\repository\org\jruby\jruby-core\1.7.24\jruby-core-1.7.24.jar;C:\Users\Phony\.m2\repository\org\ow2\asm\asm-commons\5.0.3\asm-commons-5.0.3.jar;C:\Users\Phony\.m2\repository\org\ow2\asm\asm-tree\5.0.3\asm-tree-5.0.3.jar;C:\Users\Phony\.m2\repository\org\ow2\asm\asm-analysis\5.0.3\asm-analysis-5.0.3.jar;C:\Users\Phony\.m2\repository\org\ow2\asm\asm-util\5.0.3\asm-util-5.0.3.jar;C:\Users\Phony\.m2\repository\org\jruby\jruby-stdlib\1.7.24\jruby-stdlib-1.7.24.jar;C:\Users\Phony\.m2\repository\org\jruby\joni\joni\2.1.9\joni-2.1.9.jar;C:\Users\Phony\.m2\repository\com\github\jnr\jnr-netdb\1.1.2\jnr-netdb-1.1.2.jar;C:\Users\Phony\.m2\repository\com\github\jnr\jnr-enxio\0.9\jnr-enxio-0.9.jar;C:\Users\Phony\.m2\repository\com\github\jnr\jnr-x86asm\1.0.2\jnr-x86asm-1.0.2.jar;C:\Users\Phony\.m2\repository\com\github\jnr\jnr-unixsocket\0.8\jnr-unixsocket-0.8.jar;C:\Users\Phony\.m2\repository\com\github\jnr\jnr-posix\3.0.27\jnr-posix-3.0.27.jar;C:\Users\Phony\.m2\repository\org\jruby\extras\bytelist\1.0.11\bytelist-1.0.11.jar;C:\Users\Phony\.m2\repository\com\github\jnr\jnr-constants\0.9.0\jnr-constants-0.9.0.jar;C:\Users\Phony\.m2\repository\org\jruby\jcodings\jcodings\1.0.16\jcodings-1.0.16.jar;C:\Users\Phony\.m2\repository\com\github\jnr\jnr-ffi\2.0.5\jnr-ffi-2.0.5.jar;C:\Users\Phony\.m2\repository\com\github\jnr\jffi\1.2.10\jffi-1.2.10.jar;C:\Users\Phony\.m2\repository\com\github\jnr\jffi\1.2.10\jffi-1.2.10-native.jar;C:\Users\Phony\.m2\repository\org\yaml\snakeyaml\1.15\snakeyaml-1.15.jar;C:\Users\Phony\.m2\repository\com\jcraft\jzlib\1.1.3\jzlib-1.1.3.jar;C:\Users\Phony\.m2\repository\com\headius\invokebinder\1.2\invokebinder-1.2.jar;C:\Users\Phony\.m2\repository\com\headius\options\1.3\options-1.3.jar;C:\Users\Phony\.m2\repository\com\martiansoftware\nailgun-server\0.9.1\nailgun-server-0.9.1.jar;C:\Users\Phony\.m2\repository\org\jruby\yecht\1.1\yecht-1.1-jruby.jar;C:\Users\Phony\.m2\repository\org\mule\modules\mule-module-xml\3.8.3\mule-module-xml-3.8.3.jar;C:\Users\Phony\.m2\repository\commons-jxpath\commons-jxpath\1.3\commons-jxpath-1.3.jar;C:\Users\Phony\.m2\repository\com\thoughtworks\xstream\xstream\1.4.9\xstream-1.4.9.jar;C:\Users\Phony\.m2\repository\xmlpull\xmlpull\1.1.3.1\xmlpull-1.1.3.1.jar;C:\Users\Phony\.m2\repository\xpp3\xpp3_min\1.1.3.4.O\xpp3_min-1.1.3.4.O.jar;C:\Users\Phony\.m2\repository\org\codehaus\woodstox\woodstox-core-asl\4.4.1\woodstox-core-asl-4.4.1.jar;C:\Users\Phony\.m2\repository\org\codehaus\woodstox\stax2-api\3.1.4\stax2-api-3.1.4.jar;C:\Users\Phony\.m2\repository\jaxen\jaxen\1.1.1\jaxen-1.1.1.jar;C:\Users\Phony\.m2\repository\jdom\jdom\1.0\jdom-1.0.jar;C:\Users\Phony\.m2\repository\net\java\dev\stax-utils\stax-utils\20080702\stax-utils-20080702.jar;C:\Users\Phony\.m2\repository\net\sf\saxon\Saxon-HE\9.6.0-7\Saxon-HE-9.6.0-7.jar;C:\Users\Phony\.m2\repository\net\sf\saxon\Saxon-HE\9.6.0-7\Saxon-HE-9.6.0-7-xqj.jar;C:\Users\Phony\.m2\repository\javax\xml\xquery\xqj-api\1.0\xqj-api-1.0.jar;C:\Users\Phony\.m2\repository\org\mule\tests\mule-tests-functional\3.8.3\mule-tests-functional-3.8.3.jar;C:\Users\Phony\.m2\repository\org\mule\modules\mule-module-extensions-support\3.8.3\mule-module-extensions-support-3.8.3.jar;C:\Users\Phony\.m2\repository\org\mule\extensions\mule-extensions-annotations\1.0.0-alpha-1\mule-extensions-annotations-1.0.0-alpha-1.jar;C:\Users\Phony\.m2\repository\org\springframework\spring-beans\4.1.9.RELEASE\spring-beans-4.1.9.RELEASE.jar;C:\Users\Phony\.m2\repository\junit\junit\4.11\junit-4.11.jar;C:\Users\Phony\.m2\repository\org\hamcrest\hamcrest-library\1.3\hamcrest-library-1.3.jar;C:\Users\Phony\.m2\repository\org\hamcrest\hamcrest-core\1.3\hamcrest-core-1.3.jar;C:\Users\Phony\.m2\repository\commons-net\commons-net\2.2\commons-net-2.2.jar;C:\Users\Phony\.m2\repository\org\apache\ftpserver\ftpserver-core\1.0.6\ftpserver-core-1.0.6.jar;C:\Users\Phony\.m2\repository\org\apache\mina\mina-core\2.0.4\mina-core-2.0.4.jar;C:\Users\Phony\.m2\repository\org\apache\ftpserver\ftplet-api\1.0.6\ftplet-api-1.0.6.jar;C:\Users\Phony\.m2\repository\org\apache\sshd\sshd-core\1.0.0\sshd-core-1.0.0.jar;C:\Users\Phony\.m2\repository\org\bouncycastle\bcprov-jdk15on\1.54\bcprov-jdk15on-1.54.jar;C:\Users\Phony\.m2\repository\commons-dbutils\commons-dbutils\1.2\commons-dbutils-1.2.jar;C:\Users\Phony\.m2\repository\org\reflections\reflections\0.9.9\reflections-0.9.9.jar;C:\Users\Phony\.m2\repository\org\mule\mule-core\3.8.3\mule-core-3.8.3-tests.jar;C:\Users\Phony\.m2\repository\org\mockito\mockito-core\1.9.5\mockito-core-1.9.5.jar;C:\Users\Phony\.m2\repository\org\objenesis\objenesis\1.0\objenesis-1.0.jar;C:\Users\Phony\.m2\repository\org\mule\modules\mule-module-http\3.8.3\mule-module-http-3.8.3.jar;C:\Users\Phony\.m2\repository\org\mule\transports\mule-transport-tcp\3.8.3\mule-transport-tcp-3.8.3.jar;C:\Users\Phony\.m2\repository\org\apache\geronimo\specs\geronimo-servlet_3.0_spec\1.0\geronimo-servlet_3.0_spec-1.0.jar;C:\Users\Phony\.m2\repository\org\glassfish\grizzly\grizzly-framework\2.3.26\grizzly-framework-2.3.26.jar;C:\Users\Phony\.m2\repository\org\glassfish\grizzly\grizzly-http-server\2.3.26\grizzly-http-server-2.3.26.jar;C:\Users\Phony\.m2\repository\org\glassfish\grizzly\grizzly-http\2.3.26\grizzly-http-2.3.26.jar;C:\Users\Phony\.m2\repository\org\glassfish\grizzly\connection-pool\2.3.26\connection-pool-2.3.26.jar;C:\Users\Phony\.m2\repository\javax\mail\mail\1.4.3\mail-1.4.3.jar;C:\Users\Phony\.m2\repository\com\ning\async-http-client\1.9.39\async-http-client-1.9.39.jar;C:\Users\Phony\.m2\repository\org\glassfish\grizzly\grizzly-websockets\2.3.26\grizzly-websockets-2.3.26.jar;C:\Users\Phony\.m2\repository\com\google\guava\guava\18.0\guava-18.0.jar;C:\Users\Phony\.m2\repository\org\mule\modules\mule-module-spring-config\3.8.3\mule-module-spring-config-3.8.3.jar;C:\Users\Phony\.m2\repository\org\mule\modules\mule-module-annotations\3.8.3\mule-module-annotations-3.8.3.jar;C:\Users\Phony\.m2\repository\cglib\cglib-nodep\2.2\cglib-nodep-2.2.jar;C:\Users\Phony\.m2\repository\cglib\cglib\3.2.2\cglib-3.2.2.jar;C:\Users\Phony\.m2\repository\org\ow2\asm\asm\5.0.4\asm-5.0.4.jar;C:\Users\Phony\.m2\repository\org\apache\ant\ant\1.9.6\ant-1.9.6.jar;C:\Users\Phony\.m2\repository\org\apache\ant\ant-launcher\1.9.6\ant-launcher-1.9.6.jar;"/>
    <property name="sun.cpu.endian" value="little"/>
    <property name="user.home" value="C:\Users\Phony"/>
    <property name="user.language" value="zh"/>
    <property name="java.specification.vendor" value="Oracle Corporation"/>
    <property name="java.home" value="C:\Program Files\Java\jdk1.8.0_121\jre"/>
    <property name="basedir" value="C:\Users\Phony\AnypointStudio\william\maven-project"/>
    <property name="file.separator" value="\"/>
    <property name="line.separator" value="&#10;"/>
    <property name="java.vm.specification.vendor" value="Oracle Corporation"/>
    <property name="java.specification.name" value="Java Platform API Specification"/>
    <property name="java.awt.graphicsenv" value="sun.awt.Win32GraphicsEnvironment"/>
    <property name="surefire.real.class.path" value="C:\Users\Phony\AppData\Local\Temp\surefire8891232282700075118\surefirebooter5976089574650392960.jar"/>
    <property name="sun.boot.class.path" value="C:\Program Files\Java\jdk1.8.0_121\jre\lib\resources.jar;C:\Program Files\Java\jdk1.8.0_121\jre\lib\rt.jar;C:\Program Files\Java\jdk1.8.0_121\jre\lib\sunrsasign.jar;C:\Program Files\Java\jdk1.8.0_121\jre\lib\jsse.jar;C:\Program Files\Java\jdk1.8.0_121\jre\lib\jce.jar;C:\Program Files\Java\jdk1.8.0_121\jre\lib\charsets.jar;C:\Program Files\Java\jdk1.8.0_121\jre\lib\jfr.jar;C:\Program Files\Java\jdk1.8.0_121\jre\classes"/>
    <property name="user.script" value=""/>
    <property name="sun.management.compiler" value="HotSpot 64-Bit Tiered Compilers"/>
    <property name="java.runtime.version" value="1.8.0_121-b13"/>
    <property name="user.name" value="Phony"/>
    <property name="path.separator" value=";"/>
    <property name="os.version" value="10.0"/>
    <property name="java.endorsed.dirs" value="C:\Program Files\Java\jdk1.8.0_121\jre\lib\endorsed"/>
    <property name="java.runtime.name" value="Java(TM) SE Runtime Environment"/>
    <property name="file.encoding" value="GBK"/>
    <property name="java.vm.name" value="Java HotSpot(TM) 64-Bit Server VM"/>
    <property name="localRepository" value="C:\Users\Phony\.m2\repository"/>
    <property name="java.vendor.url.bug" value="http://bugreport.sun.com/bugreport/"/>
    <property name="java.io.tmpdir" value="C:\Users\Phony\AppData\Local\Temp\"/>
    <property name="java.version" value="1.8.0_121"/>
    <property name="user.dir" value="C:\Users\Phony\AnypointStudio\william\maven-project"/>
    <property name="os.arch" value="amd64"/>
    <property name="java.vm.specification.name" value="Java Virtual Machine Specification"/>
    <property name="java.awt.printerjob" value="sun.awt.windows.WPrinterJob"/>
    <property name="sun.os.patch.level" value=""/>
    <property name="java.library.path" value="C:\Program Files\Java\jdk1.8.0_121\jre\bin;C:\WINDOWS\Sun\Java\bin;C:\WINDOWS\system32;C:\WINDOWS;C:/Program Files/Java/jre1.8.0_121/bin/server;C:/Program Files/Java/jre1.8.0_121/bin;C:/Program Files/Java/jre1.8.0_121/lib/amd64;C:\Program Files\Docker\Docker\Resources\bin;C:\ProgramData\Oracle\Java\javapath;C:\Program Files (x86)\Intel\iCLS Client\;C:\Program Files\Intel\iCLS Client\;C:\WINDOWS\system32;C:\WINDOWS;C:\WINDOWS\System32\Wbem;C:\WINDOWS\System32\WindowsPowerShell\v1.0\;C:\Program Files\Lenovo\Fingerprint Manager Pro\;C:\Program Files (x86)\Common Files\Lenovo;C:\ProgramData\Lenovo\ReadyApps;C:\Program Files (x86)\Intel\Intel(R) Management Engine Components\DAL;C:\Program Files\Intel\Intel(R) Management Engine Components\DAL;C:\Program Files (x86)\Intel\Intel(R) Management Engine Components\IPT;C:\Program Files\Intel\Intel(R) Management Engine Components\IPT;C:\Users\Phony\AppData\Local\GitHub\PortableGit_f02737a78695063deace08e96d5042710d3e32db\cmd;C:\Program Files\nodejs\;C:\Program Files\Cloud Foundry;C:\Program Files\Intel\WiFi\bin\;C:\Program Files\Common Files\Intel\WirelessCommon\;C:\Go\bin;C:\Users\Phony\AppData\Local\Microsoft\WindowsApps;C:\Users\Phony\AppData\Roaming\npm;C:\Users\Phony\AppData\Local\atom\bin;C:\SWTOOLS\apache-maven-3.3.9\bin;C:\Program Files\Java\jdk1.8.0_121\bin;C:\Users\Phony\AppData\Local\Microsoft\WindowsApps;C:\Hugo\bin;;C:\SWTOOLS\AnypointStudio;;."/>
    <property name="java.vm.info" value="mixed mode"/>
    <property name="java.vendor" value="Oracle Corporation"/>
    <property name="java.vm.version" value="25.121-b13"/>
    <property name="java.ext.dirs" value="C:\Program Files\Java\jdk1.8.0_121\jre\lib\ext;C:\WINDOWS\Sun\Java\lib\ext"/>
    <property name="sun.io.unicode.encoding" value="UnicodeLittle"/>
    <property name="java.class.version" value="52.0"/>
  </properties>
  <testcase name="mavenFlowReturnsHelloMaven" classname="com.mulesoft.training.HelloMavenTest" time="4.442">
    <failure message="expected:&lt;Hello [Maven]&gt; but was:&lt;Hello [World]&gt;" type="org.junit.ComparisonFailure"><![CDATA[org.junit.ComparisonFailure: expected:<Hello [Maven]> but was:<Hello [World]>
	at com.mulesoft.training.HelloMavenTest.mavenFlowReturnsHelloMaven(HelloMavenTest.java:10)
]]></failure>
    <system-out><![CDATA[
================================================================================
= Testing: mavenFlowReturnsHelloMaven                                          =
================================================================================
INFO  2017-11-06 09:35:44,752 [Thread-1] com.mulesoft.training.HelloMavenTest: Using working directory for test: C:\Users\Phony\AppData\Local\Temp\junit944974279125085992
INFO  2017-11-06 09:35:44,927 [Thread-1] org.mule.lifecycle.AbstractLifecycleManager: Initialising RegistryBroker
INFO  2017-11-06 09:35:45,106 [Thread-1] org.mule.config.spring.MuleArtifactContext: Refreshing org.mule.config.spring.MuleArtifactContext@6ae71dd4: startup date [Mon Nov 06 09:35:45 CST 2017]; root of context hierarchy
INFO  2017-11-06 09:35:46,449 [Thread-1] org.mule.config.spring.processors.NoDevkitInjectorProcessor: JSR-330 'javax.inject.Inject' annotation found and supported for autowiring
INFO  2017-11-06 09:35:47,437 [Thread-1] org.mule.util.journal.TransactionJournal: Using files for tx logs C:\Users\Phony\AppData\Local\Temp\junit944974279125085992\queue-tx-log\tx1.log and C:\Users\Phony\AppData\Local\Temp\junit944974279125085992\queue-tx-log\tx2.log
INFO  2017-11-06 09:35:47,475 [Thread-1] org.mule.util.journal.TransactionJournal: Using files for tx logs C:\Users\Phony\AppData\Local\Temp\junit944974279125085992\queue-xa-tx-log\tx1.log and C:\Users\Phony\AppData\Local\Temp\junit944974279125085992\queue-xa-tx-log\tx2.log
INFO  2017-11-06 09:35:47,483 [Thread-1] org.mule.lifecycle.AbstractLifecycleManager: Initialising model: _muleSystemModel
INFO  2017-11-06 09:35:47,487 [Thread-1] org.mule.construct.FlowConstructLifecycleManager: Initialising flow: mavenFlow
INFO  2017-11-06 09:35:47,487 [Thread-1] org.mule.exception.DefaultMessagingExceptionStrategy: Initialising exception listener: org.mule.exception.DefaultMessagingExceptionStrategy@74cd31c9
INFO  2017-11-06 09:35:47,528 [Thread-1] org.mule.processor.SedaStageLifecycleManager: Initialising service: mavenFlow.stage1
INFO  2017-11-06 09:35:47,663 [Thread-1] org.mule.config.spring.SpringXmlConfigurationBuilder: Configured Mule using "org.mule.config.spring.SpringXmlConfigurationBuilder" with configuration resource(s): "[ConfigResource{resourceName='maven-project.xml'}]"
INFO  2017-11-06 09:35:47,666 [Thread-1] org.mule.util.queue.QueueXaResourceManager: Starting ResourceManager
INFO  2017-11-06 09:35:47,667 [Thread-1] org.mule.util.queue.QueueXaResourceManager: Started ResourceManager
INFO  2017-11-06 09:35:47,749 [Thread-1] org.mule.module.http.internal.listener.DefaultHttpListenerConfig: Listening for requests on http://0.0.0.0:8085
INFO  2017-11-06 09:35:47,751 [Thread-1] org.mule.lifecycle.AbstractLifecycleManager: Starting model: _muleSystemModel
INFO  2017-11-06 09:35:47,753 [Thread-1] org.mule.construct.FlowConstructLifecycleManager: Starting flow: mavenFlow
INFO  2017-11-06 09:35:47,754 [Thread-1] org.mule.processor.SedaStageLifecycleManager: Starting service: mavenFlow.stage1
INFO  2017-11-06 09:35:47,788 [Thread-1] org.mule.DefaultMuleContext: 
**********************************************************************
* Mule Runtime and Integration Platform                              *
* Version: 3.8.3 Build: 9246de8f                                     *
* MuleSoft, Inc.                                                     *
* For more information go to http://www.mulesoft.org                 *
*                                                                    *
* Server started: 17-11-6 上午9:35                                   *
* Server ID: ceb01730-c292-11e7-8243-e4b318d421ba                    *
* JDK: 1.8.0_121 (mixed mode)                                        *
* OS encoding: GBK, Mule encoding: UTF-8                             *
* OS: Windows 10 -  (10.0, amd64)                                    *
* Host: Phony-PC (10.0.75.1)                                         *
*                                                                    *
* Agents Running: None                                               *
**********************************************************************
WARN  2017-11-06 09:35:47,840 [Thread-1] org.mule.model.seda.SedaModel: The <model> element is deprecated in Mule 3.4 and will be removed in Mule 4.0.  Flows do not need to be configured inside a <model> element. 
INFO  2017-11-06 09:35:47,840 [Thread-1] org.mule.lifecycle.AbstractLifecycleManager: Initialising model: main
INFO  2017-11-06 09:35:47,840 [Thread-1] org.mule.lifecycle.AbstractLifecycleManager: Starting model: main
WARN  2017-11-06 09:35:47,869 [Thread-1] org.mule.model.seda.SedaService: Services (SedaService or any custom implementation) are deprecated in Mule 3.4 and will be removed in Mule 4.0. 
INFO  2017-11-06 09:35:47,872 [Thread-1] org.mule.service.ServiceLifecycleManager: Initialising service: appleService
INFO  2017-11-06 09:35:47,889 [Thread-1] org.mule.exception.DefaultMessagingExceptionStrategy: Initialising exception listener: org.mule.exception.DefaultMessagingExceptionStrategy@3e02dd22
INFO  2017-11-06 09:35:47,890 [Thread-1] org.mule.component.ComponentLifecycleManager: Initialising component: component.498582468
INFO  2017-11-06 09:35:47,891 [Thread-1] org.mule.processor.SedaStageLifecycleManager: Initialising service: appleService
INFO  2017-11-06 09:35:47,895 [Thread-1] org.mule.service.ServiceLifecycleManager: Starting service: appleService
INFO  2017-11-06 09:35:47,896 [Thread-1] org.mule.component.ComponentLifecycleManager: Starting component: component.498582468
INFO  2017-11-06 09:35:47,956 [Thread-1] org.mule.processor.SedaStageLifecycleManager: Starting service: appleService
INFO  2017-11-06 09:35:48,026 [Thread-1] org.mule.lifecycle.AbstractLifecycleManager: Initialising connector: testConnector
INFO  2017-11-06 09:35:48,086 [Thread-1] org.mule.tck.testmodels.mule.TestConnector: Connected: TestConnector
{
  name=testConnector
  lifecycle=initialise
  this=362f6d4
  numberOfConcurrentTransactedReceivers=4
  createMultipleTransactedReceivers=true
  connected=true
  supportedProtocols=[test]
  serviceOverrides=<none>
}

INFO  2017-11-06 09:35:48,090 [Thread-1] org.mule.tck.testmodels.mule.TestConnector: Starting: TestConnector
{
  name=testConnector
  lifecycle=initialise
  this=362f6d4
  numberOfConcurrentTransactedReceivers=4
  createMultipleTransactedReceivers=true
  connected=true
  supportedProtocols=[test]
  serviceOverrides=<none>
}

INFO  2017-11-06 09:35:48,107 [Thread-1] org.mule.lifecycle.AbstractLifecycleManager: Starting connector: testConnector
INFO  2017-11-06 09:35:48,199 [Thread-1] org.mule.construct.FlowConstructLifecycleManager: Stopping flow: mavenFlow
INFO  2017-11-06 09:35:48,200 [Thread-1] org.mule.processor.SedaStageLifecycleManager: Stopping service: mavenFlow.stage1
INFO  2017-11-06 09:35:48,335 [Thread-1] org.mule.service.ServiceLifecycleManager: Stopping service: appleService
INFO  2017-11-06 09:35:48,335 [Thread-1] org.mule.processor.SedaStageLifecycleManager: Stopping service: appleService
INFO  2017-11-06 09:35:48,461 [Thread-1] org.mule.component.ComponentLifecycleManager: Stopping component: component.498582468
INFO  2017-11-06 09:35:48,462 [Thread-1] org.mule.lifecycle.AbstractLifecycleManager: Stopping model: _muleSystemModel
INFO  2017-11-06 09:35:48,503 [Thread-1] org.mule.module.http.internal.listener.DefaultHttpListenerConfig: Stopped listener on http://0.0.0.0:8085
INFO  2017-11-06 09:35:48,505 [Thread-1] org.mule.util.queue.QueueXaResourceManager: Stopping ResourceManager
INFO  2017-11-06 09:35:48,505 [Thread-1] org.mule.util.queue.QueueXaResourceManager: Stopped ResourceManager
INFO  2017-11-06 09:35:48,508 [Thread-1] org.mule.lifecycle.AbstractLifecycleManager: Disposing RegistryBroker
INFO  2017-11-06 09:35:48,510 [Thread-1] org.mule.construct.FlowConstructLifecycleManager: Disposing flow: mavenFlow
INFO  2017-11-06 09:35:48,510 [Thread-1] org.mule.processor.SedaStageLifecycleManager: Disposing service: mavenFlow.stage1
INFO  2017-11-06 09:35:48,511 [Thread-1] org.mule.service.ServiceLifecycleManager: Disposing service: appleService
INFO  2017-11-06 09:35:48,512 [Thread-1] org.mule.component.ComponentLifecycleManager: Disposing component: component.498582468
INFO  2017-11-06 09:35:48,512 [Thread-1] org.mule.processor.SedaStageLifecycleManager: Disposing service: appleService
INFO  2017-11-06 09:35:48,513 [Thread-1] org.mule.lifecycle.AbstractLifecycleManager: Disposing model: _muleSystemModel
INFO  2017-11-06 09:35:48,640 [Thread-1] org.mule.config.spring.MuleArtifactContext: Closing org.mule.config.spring.MuleArtifactContext@6ae71dd4: startup date [Mon Nov 06 09:35:45 CST 2017]; root of context hierarchy
INFO  2017-11-06 09:35:48,753 [Thread-1] org.mule.DefaultMuleContext: 
**********************************************************************
* Mule Context shut down normally on: 17-11-6 上午9:35               *
* Server was up for: 0 days, 0 hours, 0 mins, 1.84 sec               *
**********************************************************************
]]></system-out>
  </testcase>
</testsuite>